# JRE version: Java(TM) SE Runtime Environment (8.0_92-b14) (build 1.8.0_92-b14)
# Java VM: Java HotSpot(TM) 64-Bit Server VM (25.92-b14 mixed mode windows-amd64 compressed oops)
Heap:
 PSYoungGen      total 466944K, used 23166K [0x000000076b400000, 0x000000078cb80000, 0x00000007c0000000)
  eden space 448512K, 2% used [0x000000076b400000,0x000000076bebae28,0x0000000786a00000)
  from space 18432K, 66% used [0x0000000786a00000,0x00000007875e4a60,0x0000000787c00000)
  to   space 18432K, 0% used [0x000000078b980000,0x000000078b980000,0x000000078cb80000)
 ParOldGen       total 215552K, used 31355K [0x00000006c1c00000, 0x00000006cee80000, 0x000000076b400000)
  object space 215552K, 14% used [0x00000006c1c00000,0x00000006c3a9ef08,0x00000006cee80000)
 Metaspace       used 67049K, capacity 71492K, committed 71768K, reserved 1112064K
  class space    used 9244K, capacity 10045K, committed 10112K, reserved 1048576K
GC Heap History (10 events):
Event: 334.081 GC heap before
{Heap before GC invocations=14 (full 4):
 PSYoungGen      total 396288K, used 12865K [0x000000076b400000, 0x0000000784d80000, 0x00000007c0000000)
  eden space 382464K, 0% used [0x000000076b400000,0x000000076b400000,0x0000000782980000)
  from space 13824K, 93% used [0x0000000784000000,0x0000000784c90478,0x0000000784d80000)
  to   space 18432K, 0% used [0x0000000782980000,0x0000000782980000,0x0000000783b80000)
 ParOldGen       total 215552K, used 26904K [0x00000006c1c00000, 0x00000006cee80000, 0x000000076b400000)
  object space 215552K, 12% used [0x00000006c1c00000,0x00000006c36460a0,0x00000006cee80000)
 Metaspace       used 64715K, capacity 68662K, committed 68824K, reserved 1107968K
  class space    used 8998K, capacity 9700K, committed 9728K, reserved 1048576K
Event: 334.277 GC heap after
Heap after GC invocations=14 (full 4):
 PSYoungGen      total 396288K, used 0K [0x000000076b400000, 0x0000000784d80000, 0x00000007c0000000)
  eden space 382464K, 0% used [0x000000076b400000,0x000000076b400000,0x0000000782980000)
  from space 13824K, 0% used [0x0000000784000000,0x0000000784000000,0x0000000784d80000)
  to   space 18432K, 0% used [0x0000000782980000,0x0000000782980000,0x0000000783b80000)
 ParOldGen       total 215552K, used 31970K [0x00000006c1c00000, 0x00000006cee80000, 0x000000076b400000)
  object space 215552K, 14% used [0x00000006c1c00000,0x00000006c3b38aa0,0x00000006cee80000)
 Metaspace       used 64715K, capacity 68662K, committed 68824K, reserved 1107968K
  class space    used 8998K, capacity 9700K, committed 9728K, reserved 1048576K
}
Event: 366.505 GC heap before
{Heap before GC invocations=15 (full 4):
 PSYoungGen      total 396288K, used 382464K [0x000000076b400000, 0x0000000784d80000, 0x00000007c0000000)
  eden space 382464K, 100% used [0x000000076b400000,0x0000000782980000,0x0000000782980000)
  from space 13824K, 0% used [0x0000000784000000,0x0000000784000000,0x0000000784d80000)
  to   space 18432K, 0% used [0x0000000782980000,0x0000000782980000,0x0000000783b80000)
 ParOldGen       total 215552K, used 31970K [0x00000006c1c00000, 0x00000006cee80000, 0x000000076b400000)
  object space 215552K, 14% used [0x00000006c1c00000,0x00000006c3b38aa0,0x00000006cee80000)
 Metaspace       used 65833K, capacity 70060K, committed 70360K, reserved 1110016K
  class space    used 9130K, capacity 9876K, committed 9984K, reserved 1048576K
Event: 366.518 GC heap after
Heap after GC invocations=15 (full 4):
 PSYoungGen      total 400896K, used 13218K [0x000000076b400000, 0x0000000788e00000, 0x00000007c0000000)
  eden space 382464K, 0% used [0x000000076b400000,0x000000076b400000,0x0000000782980000)
  from space 18432K, 71% used [0x0000000782980000,0x0000000783668900,0x0000000783b80000)
  to   space 18432K, 0% used [0x0000000787c00000,0x0000000787c00000,0x0000000788e00000)
 ParOldGen       total 215552K, used 31978K [0x00000006c1c00000, 0x00000006cee80000, 0x000000076b400000)
  object space 215552K, 14% used [0x00000006c1c00000,0x00000006c3b3aaa0,0x00000006cee80000)
 Metaspace       used 65833K, capacity 70060K, committed 70360K, reserved 1110016K
  class space    used 9130K, capacity 9876K, committed 9984K, reserved 1048576K
}
Event: 537.044 GC heap before
{Heap before GC invocations=16 (full 4):
 PSYoungGen      total 400896K, used 203065K [0x000000076b400000, 0x0000000788e00000, 0x00000007c0000000)
  eden space 382464K, 49% used [0x000000076b400000,0x0000000776d65d48,0x0000000782980000)
  from space 18432K, 71% used [0x0000000782980000,0x0000000783668900,0x0000000783b80000)
  to   space 18432K, 0% used [0x0000000787c00000,0x0000000787c00000,0x0000000788e00000)
 ParOldGen       total 215552K, used 31978K [0x00000006c1c00000, 0x00000006cee80000, 0x000000076b400000)
  object space 215552K, 14% used [0x00000006c1c00000,0x00000006c3b3aaa0,0x00000006cee80000)
 Metaspace       used 66060K, capacity 70290K, committed 70616K, reserved 1110016K
  class space    used 9149K, capacity 9894K, committed 9984K, reserved 1048576K
Event: 537.052 GC heap after
Heap after GC invocations=16 (full 4):
 PSYoungGen      total 466944K, used 7189K [0x000000076b400000, 0x0000000788e00000, 0x00000007c0000000)
  eden space 448512K, 0% used [0x000000076b400000,0x000000076b400000,0x0000000786a00000)
  from space 18432K, 39% used [0x0000000787c00000,0x0000000788305718,0x0000000788e00000)
  to   space 18432K, 0% used [0x0000000786a00000,0x0000000786a00000,0x0000000787c00000)
 ParOldGen       total 215552K, used 31986K [0x00000006c1c00000, 0x00000006cee80000, 0x000000076b400000)
  object space 215552K, 14% used [0x00000006c1c00000,0x00000006c3b3caa0,0x00000006cee80000)
 Metaspace       used 66060K, capacity 70290K, committed 70616K, reserved 1110016K
  class space    used 9149K, capacity 9894K, committed 9984K, reserved 1048576K
}
Event: 537.052 GC heap before
{Heap before GC invocations=17 (full 5):
 PSYoungGen      total 466944K, used 7189K [0x000000076b400000, 0x0000000788e00000, 0x00000007c0000000)
  eden space 448512K, 0% used [0x000000076b400000,0x000000076b400000,0x0000000786a00000)
  from space 18432K, 39% used [0x0000000787c00000,0x0000000788305718,0x0000000788e00000)
  to   space 18432K, 0% used [0x0000000786a00000,0x0000000786a00000,0x0000000787c00000)
 ParOldGen       total 215552K, used 31986K [0x00000006c1c00000, 0x00000006cee80000, 0x000000076b400000)
  object space 215552K, 14% used [0x00000006c1c00000,0x00000006c3b3caa0,0x00000006cee80000)
 Metaspace       used 66060K, capacity 70290K, committed 70616K, reserved 1110016K
  class space    used 9149K, capacity 9894K, committed 9984K, reserved 1048576K
Event: 537.416 GC heap after
Heap after GC invocations=17 (full 5):
 PSYoungGen      total 466944K, used 0K [0x000000076b400000, 0x0000000788e00000, 0x00000007c0000000)
  eden space 448512K, 0% used [0x000000076b400000,0x000000076b400000,0x0000000786a00000)
  from space 18432K, 0% used [0x0000000787c00000,0x0000000787c00000,0x0000000788e00000)
  to   space 18432K, 0% used [0x0000000786a00000,0x0000000786a00000,0x0000000787c00000)
 ParOldGen       total 215552K, used 31347K [0x00000006c1c00000, 0x00000006cee80000, 0x000000076b400000)
  object space 215552K, 14% used [0x00000006c1c00000,0x00000006c3a9cf08,0x00000006cee80000)
 Metaspace       used 66053K, capacity 70278K, committed 70616K, reserved 1110016K
  class space    used 9148K, capacity 9892K, committed 9984K, reserved 1048576K
}
Event: 596.603 GC heap before
{Heap before GC invocations=18 (full 5):
 PSYoungGen      total 466944K, used 448512K [0x000000076b400000, 0x0000000788e00000, 0x00000007c0000000)
  eden space 448512K, 100% used [0x000000076b400000,0x0000000786a00000,0x0000000786a00000)
  from space 18432K, 0% used [0x0000000787c00000,0x0000000787c00000,0x0000000788e00000)
  to   space 18432K, 0% used [0x0000000786a00000,0x0000000786a00000,0x0000000787c00000)
 ParOldGen       total 215552K, used 31347K [0x00000006c1c00000, 0x00000006cee80000, 0x000000076b400000)
  object space 215552K, 14% used [0x00000006c1c00000,0x00000006c3a9cf08,0x00000006cee80000)
 Metaspace       used 67034K, capacity 71492K, committed 71768K, reserved 1112064K
  class space    used 9243K, capacity 10045K, committed 10112K, reserved 1048576K
Event: 596.621 GC heap after
Heap after GC invocations=18 (full 5):
 PSYoungGen      total 466944K, used 12178K [0x000000076b400000, 0x000000078cb80000, 0x00000007c0000000)
  eden space 448512K, 0% used [0x000000076b400000,0x000000076b400000,0x0000000786a00000)
  from space 18432K, 66% used [0x0000000786a00000,0x00000007875e4a60,0x0000000787c00000)
  to   space 18432K, 0% used [0x000000078b980000,0x000000078b980000,0x000000078cb80000)
 ParOldGen       total 215552K, used 31355K [0x00000006c1c00000, 0x00000006cee80000, 0x000000076b400000)
  object space 215552K, 14% used [0x00000006c1c00000,0x00000006c3a9ef08,0x00000006cee80000)
 Metaspace       used 67034K, capacity 71492K, committed 71768K, reserved 1112064K
  class space    used 9243K, capacity 10045K, committed 10112K, reserved 1048576K
}

